<?xml version="1.0" encoding="UTF-8"?>
<!-- Generated by org.testng.reporters.JUnitReportReporter -->
<testsuite hostname="LAPTOP-JSFL60MM" failures="0" tests="1" name="Test_Class.patch_TC1" time="1.929" errors="0" timestamp="2023-04-05T08:19:33 IST" skipped="0">
  <testcase classname="Test_Class.patch_TC1" name="orchestrator" time="1.929"/>
  <system-out/>
</testsuite> <!-- Test_Class.patch_TC1 -->
